<?xml version="1.0" encoding="UTF-8" ?>
<testsuite tests="7" failures="0" name="Runner.TestRunner" time="35.485" errors="0" skipped="0">
  <properties>
[...]
</properties>
  <testcase classname="DsAlgo page Automation #1" name="Main page validation" time="3.901"/>
  <testcase classname="DsAlgo page Automation #2" name="Home Page validation" time="6.854"/>
  <testcase classname="Registration page validation" name="user validating different scenarios #1" time="6.535"/>
  <testcase classname="Registration page validation" name="user validating different scenarios #2" time="6.653"/>
  <testcase classname="Registration page validation" name="user validating different scenarios #3" time="6.51"/>
  <testcase classname="(Registration page validation)" name="(Registration page validation)" time="2.388"/>
  <testcase classname="(Signin page validation)" name="(Signin page validation)" time="2.644"/>
</testsuite>